<?xml version="1.0" encoding="UTF-8"?>
<!-- Generated by org.testng.reporters.JUnitReportReporter -->
<testsuite skipped="1" hostname="USER-PC" name="testScript.ExcelDataReadTest" tests="1" failures="0" timestamp="2022-12-11T14:32:52 IST" time="0.000" errors="0">
  <testcase name="readDatatfromExcelTest" time="0.000" classname="testScript.ExcelDataReadTest">
    <skipped/>
  </testcase> <!-- readDatatfromExcelTest -->
  <system-out/>
</testsuite> <!-- testScript.ExcelDataReadTest -->
