<?xml version="1.0" encoding="UTF-8"?>
<!-- Generated by org.testng.reporters.JUnitReportReporter -->
<testsuite hostname="USER-PC" failures="0" tests="1" name="testScript.TreeTest" time="18.400" errors="0" timestamp="2023-01-22T16:34:48 IST" skipped="0">
  <testcase classname="testScript.TreeTest" name="TestTree" time="18.400"/>
  <system-out/>
</testsuite> <!-- testScript.TreeTest -->
