<?xml version="1.0" encoding="UTF-8"?>
<!-- Generated by org.testng.reporters.JUnitReportReporter -->
<testsuite skipped="0" hostname="USER-PC" name="testScript.BrokenLinkTest" tests="1" failures="0" timestamp="2022-12-10T15:52:34 IST" time="40.962" errors="0">
  <testcase name="TestTwo" time="40.962" classname="testScript.BrokenLinkTest"/>
  <system-out/>
</testsuite> <!-- testScript.BrokenLinkTest -->
