<?xml version="1.0" encoding="UTF-8"?>
<!-- Generated by org.testng.reporters.JUnitReportReporter -->
<testsuite hostname="USER-PC" failures="0" tests="1" name="runner.Runner" time="18.067" errors="0" timestamp="2023-01-22T19:53:14 IST" skipped="0">
  <testcase classname="runner.Runner" name="runScenario" time="18.067"/>
  <system-out/>
</testsuite> <!-- runner.Runner -->
