<?xml version="1.0" encoding="UTF-8"?>
<!-- Generated by org.testng.reporters.JUnitReportReporter -->
<testsuite hostname="USER-PC" failures="0" tests="6" name="testDemo.MouseAction" time="82.219" errors="0" timestamp="2023-01-22T15:10:00 IST" skipped="0">
  <testcase classname="testDemo.MouseAction" name="testDoubleClick" time="13.256"/>
  <system-out/>
  <testcase classname="testDemo.MouseAction" name="testRightClick" time="14.986"/>
  <system-out/>
  <testcase classname="testDemo.MouseAction" name="testScrollonParticularElement" time="14.148"/>
  <system-out/>
  <testcase classname="testDemo.MouseAction" name="testMoveToElement" time="16.761"/>
  <system-out/>
  <testcase classname="testDemo.MouseAction" name="testWindowScrollHight" time="9.563"/>
  <system-out/>
  <testcase classname="testDemo.MouseAction" name="testWindowScrollupAndDown" time="13.505"/>
  <system-out/>
</testsuite> <!-- testDemo.MouseAction -->
