<?xml version="1.0" encoding="UTF-8"?>
<!-- Generated by org.testng.reporters.JUnitReportReporter -->
<testsuite hostname="USER-PC" failures="0" tests="2" name="testScript.LoginTest" time="48.683" errors="0" timestamp="2023-01-08T15:31:30 IST" skipped="0">
  <testcase classname="testScript.LoginTest" name="login" time="11.170"/>
  <system-out/>
  <testcase classname="testScript.LoginTest" name="login" time="37.513"/>
  <system-out/>
</testsuite> <!-- testScript.LoginTest -->
