<?xml version="1.0" encoding="UTF-8"?>
<!-- Generated by org.testng.reporters.JUnitReportReporter -->
<testsuite hostname="USER-PC" failures="0" tests="1" name="testScript.TreeTest" time="27.599" errors="0" timestamp="2023-01-08T15:31:30 IST" skipped="0">
  <testcase classname="testScript.TreeTest" name="TestTree" time="27.599"/>
  <system-out/>
</testsuite> <!-- testScript.TreeTest -->
