<?xml version="1.0" encoding="UTF-8"?>
<!-- Generated by org.testng.reporters.JUnitReportReporter -->
<testsuite hostname="USER-PC" failures="0" tests="2" name="testScript.LoginTest" time="41.972" errors="0" timestamp="2023-01-22T16:34:48 IST" skipped="0">
  <testcase classname="testScript.LoginTest" name="login" time="29.317"/>
  <system-out/>
  <testcase classname="testScript.LoginTest" name="login" time="12.655"/>
  <system-out/>
</testsuite> <!-- testScript.LoginTest -->
