<?xml version="1.0" encoding="UTF-8"?>
<!-- Generated by org.testng.reporters.JUnitReportReporter -->
<testsuite skipped="0" hostname="USER-PC" name="testScript.TwoTest" tests="1" failures="0" timestamp="2022-12-10T15:43:50 IST" time="33.084" errors="0">
  <testcase name="TestTwo" time="33.084" classname="testScript.TwoTest"/>
  <system-out/>
</testsuite> <!-- testScript.TwoTest -->
