<?xml version="1.0" encoding="UTF-8"?>
<!-- Generated by org.testng.reporters.JUnitReportReporter -->
<testsuite hostname="USER-PC" failures="0" tests="1" name="testDemo.BrokenLinkTest" time="20.586" errors="0" timestamp="2023-01-22T15:02:33 IST" skipped="0">
  <testcase classname="testDemo.BrokenLinkTest" name="TestTwo" time="20.586"/>
  <system-out/>
</testsuite> <!-- testDemo.BrokenLinkTest -->
